0 info it worked if it ends with ok
1 verbose cli [ 'node', '/usr/bin/npm', 'start' ]
2 info using npm@2.13.2
3 info using node@v0.10.25
4 verbose node symlink /usr/bin/node
5 verbose run-script [ 'prestart', 'start', 'poststart' ]
6 info prestart angular-seed@0.0.0
7 verbose unsafe-perm in lifecycle true
8 info start angular-seed@0.0.0
9 verbose unsafe-perm in lifecycle true
10 info angular-seed@0.0.0 Failed to exec start script
11 verbose stack Error: angular-seed@0.0.0 start: `http-server -a localhost -p 8000 -c-1`
11 verbose stack Exit status 8
11 verbose stack     at EventEmitter.<anonymous> (/usr/lib/node_modules/npm/lib/utils/lifecycle.js:214:16)
11 verbose stack     at EventEmitter.emit (events.js:98:17)
11 verbose stack     at ChildProcess.<anonymous> (/usr/lib/node_modules/npm/lib/utils/spawn.js:24:14)
11 verbose stack     at ChildProcess.EventEmitter.emit (events.js:98:17)
11 verbose stack     at maybeClose (child_process.js:743:16)
11 verbose stack     at Process.ChildProcess._handle.onexit (child_process.js:810:5)
12 verbose pkgid angular-seed@0.0.0
13 verbose cwd /home/luca/javascript/projectInAngular/ngFacebook/facebook/app
14 error Linux 3.16.0-45-generic
15 error argv "node" "/usr/bin/npm" "start"
16 error node v0.10.25
17 error npm  v2.13.2
18 error code ELIFECYCLE
19 error angular-seed@0.0.0 start: `http-server -a localhost -p 8000 -c-1`
19 error Exit status 8
20 error Failed at the angular-seed@0.0.0 start script 'http-server -a localhost -p 8000 -c-1'.
20 error This is most likely a problem with the angular-seed package,
20 error not with npm itself.
20 error Tell the author that this fails on your system:
20 error     http-server -a localhost -p 8000 -c-1
20 error You can get their info via:
20 error     npm owner ls angular-seed
20 error There is likely additional logging output above.
21 verbose exit [ 1, true ]
