0 info it worked if it ends with ok
1 verbose cli [ 'node', '/usr/bin/npm', 'start' ]
2 info using npm@2.13.2
3 info using node@v0.10.25
4 verbose node symlink /usr/bin/node
5 verbose run-script [ 'prestart', 'start', 'poststart' ]
6 info prestart instagram@1.0.0
7 info start instagram@1.0.0
8 verbose unsafe-perm in lifecycle true
9 info instagram@1.0.0 Failed to exec start script
10 verbose stack Error: instagram@1.0.0 start: `node server`
10 verbose stack Exit status 8
10 verbose stack     at EventEmitter.<anonymous> (/usr/lib/node_modules/npm/lib/utils/lifecycle.js:214:16)
10 verbose stack     at EventEmitter.emit (events.js:98:17)
10 verbose stack     at ChildProcess.<anonymous> (/usr/lib/node_modules/npm/lib/utils/spawn.js:24:14)
10 verbose stack     at ChildProcess.EventEmitter.emit (events.js:98:17)
10 verbose stack     at maybeClose (child_process.js:743:16)
10 verbose stack     at Process.ChildProcess._handle.onexit (child_process.js:810:5)
11 verbose pkgid instagram@1.0.0
12 verbose cwd /home/luca/javascript/mongodb/instagram
13 error Linux 3.16.0-45-generic
14 error argv "node" "/usr/bin/npm" "start"
15 error node v0.10.25
16 error npm  v2.13.2
17 error code ELIFECYCLE
18 error instagram@1.0.0 start: `node server`
18 error Exit status 8
19 error Failed at the instagram@1.0.0 start script 'node server'.
19 error This is most likely a problem with the instagram package,
19 error not with npm itself.
19 error Tell the author that this fails on your system:
19 error     node server
19 error You can get their info via:
19 error     npm owner ls instagram
19 error There is likely additional logging output above.
20 verbose exit [ 1, true ]
